  代码生成.cpp
e:\mywindows\2019_2020\大三下专业课\编译原理\实验四\代码生成\代码生成\代码生成.cpp(80): warning C4018: “<”: 有符号/无符号不匹配
e:\mywindows\2019_2020\大三下专业课\编译原理\实验四\代码生成\代码生成\代码生成.cpp(92): warning C4018: “<”: 有符号/无符号不匹配
e:\mywindows\2019_2020\大三下专业课\编译原理\实验四\代码生成\代码生成\代码生成.cpp(194): warning C4018: “<”: 有符号/无符号不匹配
e:\mywindows\2019_2020\大三下专业课\编译原理\实验四\代码生成\代码生成\代码生成.cpp(220): warning C4101: “new_num”: 未引用的局部变量
e:\mywindows\2019_2020\大三下专业课\编译原理\实验四\代码生成\代码生成\代码生成.cpp(220): warning C4101: “num”: 未引用的局部变量
e:\mywindows\2019_2020\大三下专业课\编译原理\实验四\代码生成\代码生成\代码生成.cpp(329): warning C4018: “<”: 有符号/无符号不匹配
e:\mywindows\2019_2020\大三下专业课\编译原理\实验四\代码生成\代码生成\代码生成.cpp(349): warning C4018: “<”: 有符号/无符号不匹配
e:\mywindows\2019_2020\大三下专业课\编译原理\实验四\代码生成\代码生成\代码生成.cpp(396): warning C4018: “<”: 有符号/无符号不匹配
e:\mywindows\2019_2020\大三下专业课\编译原理\实验四\代码生成\代码生成\代码生成.cpp(433): warning C4018: “<”: 有符号/无符号不匹配
e:\mywindows\2019_2020\大三下专业课\编译原理\实验四\代码生成\代码生成\代码生成.cpp(441): warning C4018: “<”: 有符号/无符号不匹配
e:\mywindows\2019_2020\大三下专业课\编译原理\实验四\代码生成\代码生成\代码生成.cpp(448): warning C4018: “<”: 有符号/无符号不匹配
e:\mywindows\2019_2020\大三下专业课\编译原理\实验四\代码生成\代码生成\代码生成.cpp(452): warning C4018: “<”: 有符号/无符号不匹配
e:\mywindows\2019_2020\大三下专业课\编译原理\实验四\代码生成\代码生成\代码生成.cpp(542): warning C4018: “<”: 有符号/无符号不匹配
e:\mywindows\2019_2020\大三下专业课\编译原理\实验四\代码生成\代码生成\代码生成.cpp(552): warning C4018: “>=”: 有符号/无符号不匹配
e:\mywindows\2019_2020\大三下专业课\编译原理\实验四\代码生成\代码生成\代码生成.cpp(887): warning C4477: “printf”: 格式字符串“%s”需要类型“char *”的参数，但可变参数 1 拥有了类型“_Ty”
          with
          [
              _Ty=std::string
          ]
e:\mywindows\2019_2020\大三下专业课\编译原理\实验四\代码生成\代码生成\代码生成.cpp(958): warning C4018: “<”: 有符号/无符号不匹配
e:\mywindows\2019_2020\大三下专业课\编译原理\实验四\代码生成\代码生成\代码生成.cpp(971): warning C4018: “<”: 有符号/无符号不匹配
e:\mywindows\2019_2020\大三下专业课\编译原理\实验四\代码生成\代码生成\代码生成.cpp(977): warning C4018: “<”: 有符号/无符号不匹配
e:\mywindows\2019_2020\大三下专业课\编译原理\实验四\代码生成\代码生成\代码生成.cpp(1025): warning C4018: “<”: 有符号/无符号不匹配
  代码生成.vcxproj -> E:\Mywindows\2019_2020\大三下专业课\编译原理\实验四\代码生成\Debug\代码生成.exe
