  语义分析.cpp
e:\mywindows\2019_2020\大三下专业课\编译原理\实验三\语义分析\语义分析\语义分析.cpp(77): warning C4018: “<”: 有符号/无符号不匹配
e:\mywindows\2019_2020\大三下专业课\编译原理\实验三\语义分析\语义分析\语义分析.cpp(89): warning C4018: “<”: 有符号/无符号不匹配
e:\mywindows\2019_2020\大三下专业课\编译原理\实验三\语义分析\语义分析\语义分析.cpp(183): warning C4018: “<”: 有符号/无符号不匹配
e:\mywindows\2019_2020\大三下专业课\编译原理\实验三\语义分析\语义分析\语义分析.cpp(209): warning C4101: “new_num”: 未引用的局部变量
e:\mywindows\2019_2020\大三下专业课\编译原理\实验三\语义分析\语义分析\语义分析.cpp(209): warning C4101: “num”: 未引用的局部变量
e:\mywindows\2019_2020\大三下专业课\编译原理\实验三\语义分析\语义分析\语义分析.cpp(318): warning C4018: “<”: 有符号/无符号不匹配
e:\mywindows\2019_2020\大三下专业课\编译原理\实验三\语义分析\语义分析\语义分析.cpp(338): warning C4018: “<”: 有符号/无符号不匹配
e:\mywindows\2019_2020\大三下专业课\编译原理\实验三\语义分析\语义分析\语义分析.cpp(385): warning C4018: “<”: 有符号/无符号不匹配
e:\mywindows\2019_2020\大三下专业课\编译原理\实验三\语义分析\语义分析\语义分析.cpp(422): warning C4018: “<”: 有符号/无符号不匹配
e:\mywindows\2019_2020\大三下专业课\编译原理\实验三\语义分析\语义分析\语义分析.cpp(430): warning C4018: “<”: 有符号/无符号不匹配
e:\mywindows\2019_2020\大三下专业课\编译原理\实验三\语义分析\语义分析\语义分析.cpp(437): warning C4018: “<”: 有符号/无符号不匹配
e:\mywindows\2019_2020\大三下专业课\编译原理\实验三\语义分析\语义分析\语义分析.cpp(441): warning C4018: “<”: 有符号/无符号不匹配
e:\mywindows\2019_2020\大三下专业课\编译原理\实验三\语义分析\语义分析\语义分析.cpp(518): warning C4018: “<”: 有符号/无符号不匹配
e:\mywindows\2019_2020\大三下专业课\编译原理\实验三\语义分析\语义分析\语义分析.cpp(528): warning C4018: “>=”: 有符号/无符号不匹配
e:\mywindows\2019_2020\大三下专业课\编译原理\实验三\语义分析\语义分析\语义分析.cpp(749): warning C4477: “printf”: 格式字符串“%s”需要类型“char *”的参数，但可变参数 1 拥有了类型“_Ty”
          with
          [
              _Ty=std::string
          ]
  语义分析.vcxproj -> E:\Mywindows\2019_2020\大三下专业课\编译原理\实验三\语义分析\Debug\语义分析.exe
